c:\users\dwads\documents\github\rock-paper-scissors\losergameforlosers\x64\release\vc141.pdb
c:\users\dwads\documents\github\rock-paper-scissors\losergameforlosers\x64\release\gamestate.obj
c:\users\dwads\documents\github\rock-paper-scissors\losergameforlosers\x64\release\game.obj
c:\users\dwads\documents\github\rock-paper-scissors\losergameforlosers\x64\release\fadecomponent.obj
c:\users\dwads\documents\github\rock-paper-scissors\losergameforlosers\x64\release\ecs.obj
c:\users\dwads\documents\github\rock-paper-scissors\losergameforlosers\x64\release\drawcall.obj
c:\users\dwads\documents\github\rock-paper-scissors\losergameforlosers\x64\release\commonnavigation.obj
c:\users\dwads\documents\github\rock-paper-scissors\losergameforlosers\x64\release\commonlinkcommands.obj
c:\users\dwads\documents\github\rock-paper-scissors\losergameforlosers\x64\release\commoninputcommands.obj
c:\users\dwads\documents\github\rock-paper-scissors\losergameforlosers\x64\release\combatpresets.obj
c:\users\dwads\documents\github\rock-paper-scissors\losergameforlosers\x64\release\combatnavigation.obj
c:\users\dwads\documents\github\rock-paper-scissors\losergameforlosers\x64\release\combatinputcommands.obj
c:\users\dwads\documents\github\rock-paper-scissors\losergameforlosers\x64\release\combat.obj
c:\users\dwads\documents\github\rock-paper-scissors\losergameforlosers\x64\release\collision.obj
c:\users\dwads\documents\github\rock-paper-scissors\losergameforlosers\x64\release\bitmapfont.obj
c:\users\dwads\documents\github\rock-paper-scissors\losergameforlosers\x64\release\background.obj
c:\users\dwads\documents\github\rock-paper-scissors\losergameforlosers\x64\release\audionavigation.obj
c:\users\dwads\documents\github\rock-paper-scissors\losergameforlosers\x64\release\attackpresets.obj
c:\users\dwads\documents\github\rock-paper-scissors\losergameforlosers\x64\release\asset.obj
c:\users\dwads\documents\github\rock-paper-scissors\losergameforlosers\x64\release\aicomponent.obj
c:\users\dwads\documents\github\rock-paper-scissors\losergameforlosers\x64\release\aicommands.obj
c:\users\dwads\documents\github\rock-paper-scissors\losergameforlosers\x64\release\texturemanager.obj
c:\users\dwads\documents\github\rock-paper-scissors\losergameforlosers\x64\release\texturecomponent.obj
c:\users\dwads\documents\github\rock-paper-scissors\losergameforlosers\x64\release\textureatlascomponent.obj
c:\users\dwads\documents\github\rock-paper-scissors\losergameforlosers\x64\release\texture.obj
c:\users\dwads\documents\github\rock-paper-scissors\losergameforlosers\x64\release\scriptcomponent.obj
c:\users\dwads\documents\github\rock-paper-scissors\losergameforlosers\x64\release\pathway.obj
c:\users\dwads\documents\github\rock-paper-scissors\losergameforlosers\x64\release\overlaycomponent.obj
c:\users\dwads\documents\github\rock-paper-scissors\losergameforlosers\x64\release\optionscomponent.obj
c:\users\dwads\documents\github\rock-paper-scissors\losergameforlosers\x64\release\options.obj
c:\users\dwads\documents\github\rock-paper-scissors\losergameforlosers\x64\release\miscassets.obj
c:\users\dwads\documents\github\rock-paper-scissors\losergameforlosers\x64\release\menupresets.obj
c:\users\dwads\documents\github\rock-paper-scissors\losergameforlosers\x64\release\menunavigation.obj
c:\users\dwads\documents\github\rock-paper-scissors\losergameforlosers\x64\release\menu.obj
c:\users\dwads\documents\github\rock-paper-scissors\losergameforlosers\x64\release\main.obj
c:\users\dwads\documents\github\rock-paper-scissors\losergameforlosers\x64\release\loadoptionsdata.obj
c:\users\dwads\documents\github\rock-paper-scissors\losergameforlosers\x64\release\loadcontrollerdata.obj
c:\users\dwads\documents\github\rock-paper-scissors\losergameforlosers\x64\release\loadcharacterdata.obj
c:\users\dwads\documents\github\rock-paper-scissors\losergameforlosers\x64\release\loadaudiodata.obj
c:\users\dwads\documents\github\rock-paper-scissors\losergameforlosers\x64\release\loadatlasdata.obj
c:\users\dwads\documents\github\rock-paper-scissors\losergameforlosers\x64\release\links.obj
c:\users\dwads\documents\github\rock-paper-scissors\losergameforlosers\x64\release\vector2d.obj
c:\users\dwads\documents\github\rock-paper-scissors\losergameforlosers\x64\release\transformationnavigation.obj
c:\users\dwads\documents\github\rock-paper-scissors\losergameforlosers\x64\release\timer.obj
c:\users\dwads\documents\github\rock-paper-scissors\losergameforlosers\x64\release\whipjumpkickgrab.pch
c:\users\dwads\documents\github\rock-paper-scissors\losergameforlosers\x64\release\stdafx.obj
c:\users\dwads\documents\github\rock-paper-scissors\losergameforlosers\x64\release\loadaidata.obj
c:\users\dwads\documents\github\rock-paper-scissors\x64\release\whipjumpkickgrab.exe
c:\users\dwads\documents\github\rock-paper-scissors\x64\release\whipjumpkickgrab.pdb
c:\users\dwads\documents\github\rock-paper-scissors\losergameforlosers\x64\release\whipjumpkickgrab.res
c:\users\dwads\documents\github\rock-paper-scissors\x64\release\whipjumpkickgrab.ipdb
c:\users\dwads\documents\github\rock-paper-scissors\x64\release\whipjumpkickgrab.iobj
c:\users\dwads\documents\github\rock-paper-scissors\losergameforlosers\x64\release\whipjumpkickgrab.tlog\cl.command.1.tlog
c:\users\dwads\documents\github\rock-paper-scissors\losergameforlosers\x64\release\whipjumpkickgrab.tlog\cl.read.1.tlog
c:\users\dwads\documents\github\rock-paper-scissors\losergameforlosers\x64\release\whipjumpkickgrab.tlog\cl.write.1.tlog
c:\users\dwads\documents\github\rock-paper-scissors\losergameforlosers\x64\release\whipjumpkickgrab.tlog\link.command.1.tlog
c:\users\dwads\documents\github\rock-paper-scissors\losergameforlosers\x64\release\whipjumpkickgrab.tlog\link.read.1.tlog
c:\users\dwads\documents\github\rock-paper-scissors\losergameforlosers\x64\release\whipjumpkickgrab.tlog\link.write.1.tlog
c:\users\dwads\documents\github\rock-paper-scissors\losergameforlosers\x64\release\whipjumpkickgrab.tlog\rc.command.1.tlog
c:\users\dwads\documents\github\rock-paper-scissors\losergameforlosers\x64\release\whipjumpkickgrab.tlog\rc.read.1.tlog
c:\users\dwads\documents\github\rock-paper-scissors\losergameforlosers\x64\release\whipjumpkickgrab.tlog\rc.write.1.tlog
c:\users\dwads\documents\github\rock-paper-scissors\losergameforlosers\x64\release\whipjumpkickgrab.tlog\whipjumpkickgrab.write.1u.tlog
