c:\users\dwads\documents\github\rock-paper-scissors\losergameforlosers\x64\debug\whipjumpkickgrab.pch.codeanalysis
c:\users\dwads\documents\github\rock-paper-scissors\losergameforlosers\x64\debug\vc141.pdb
c:\users\dwads\documents\github\rock-paper-scissors\losergameforlosers\x64\debug\vc141.idb
c:\users\dwads\documents\github\rock-paper-scissors\losergameforlosers\x64\debug\whipjumpkickgrab.pch.codeanalysisast
c:\users\dwads\documents\github\rock-paper-scissors\losergameforlosers\x64\debug\stdafx.nativecodeanalysis.xml
c:\users\dwads\documents\github\rock-paper-scissors\losergameforlosers\x64\debug\stdafx.obj
c:\users\dwads\documents\github\rock-paper-scissors\losergameforlosers\x64\debug\collision.nativecodeanalysis.xml
c:\users\dwads\documents\github\rock-paper-scissors\losergameforlosers\x64\debug\loadcharacterdata.nativecodeanalysis.xml
c:\users\dwads\documents\github\rock-paper-scissors\losergameforlosers\x64\debug\loadaudiodata.nativecodeanalysis.xml
c:\users\dwads\documents\github\rock-paper-scissors\losergameforlosers\x64\debug\texture.nativecodeanalysis.xml
c:\users\dwads\documents\github\rock-paper-scissors\losergameforlosers\x64\debug\overlaycomponent.nativecodeanalysis.xml
c:\users\dwads\documents\github\rock-paper-scissors\losergameforlosers\x64\debug\background.nativecodeanalysis.xml
c:\users\dwads\documents\github\rock-paper-scissors\losergameforlosers\x64\debug\loadatlasdata.nativecodeanalysis.xml
c:\users\dwads\documents\github\rock-paper-scissors\losergameforlosers\x64\debug\gamestate.nativecodeanalysis.xml
c:\users\dwads\documents\github\rock-paper-scissors\losergameforlosers\x64\debug\fadecomponent.nativecodeanalysis.xml
c:\users\dwads\documents\github\rock-paper-scissors\losergameforlosers\x64\debug\drawcall.nativecodeanalysis.xml
c:\users\dwads\documents\github\rock-paper-scissors\losergameforlosers\x64\debug\commonnavigation.nativecodeanalysis.xml
c:\users\dwads\documents\github\rock-paper-scissors\losergameforlosers\x64\debug\combatpresets.nativecodeanalysis.xml
c:\users\dwads\documents\github\rock-paper-scissors\losergameforlosers\x64\debug\combatnavigation.nativecodeanalysis.xml
c:\users\dwads\documents\github\rock-paper-scissors\losergameforlosers\x64\debug\combatinputcommands.nativecodeanalysis.xml
c:\users\dwads\documents\github\rock-paper-scissors\losergameforlosers\x64\debug\miscassets.nativecodeanalysis.xml
c:\users\dwads\documents\github\rock-paper-scissors\losergameforlosers\x64\debug\menunavigation.nativecodeanalysis.xml
c:\users\dwads\documents\github\rock-paper-scissors\losergameforlosers\x64\debug\attackpresets.nativecodeanalysis.xml
c:\users\dwads\documents\github\rock-paper-scissors\losergameforlosers\x64\debug\asset.nativecodeanalysis.xml
c:\users\dwads\documents\github\rock-paper-scissors\losergameforlosers\x64\debug\aicomponent.nativecodeanalysis.xml
c:\users\dwads\documents\github\rock-paper-scissors\losergameforlosers\x64\debug\aicommands.nativecodeanalysis.xml
c:\users\dwads\documents\github\rock-paper-scissors\losergameforlosers\x64\debug\aicommands.obj
c:\users\dwads\documents\github\rock-paper-scissors\losergameforlosers\x64\debug\aicomponent.obj
c:\users\dwads\documents\github\rock-paper-scissors\losergameforlosers\x64\debug\asset.obj
c:\users\dwads\documents\github\rock-paper-scissors\losergameforlosers\x64\debug\attackpresets.obj
c:\users\dwads\documents\github\rock-paper-scissors\losergameforlosers\x64\debug\menunavigation.obj
c:\users\dwads\documents\github\rock-paper-scissors\losergameforlosers\x64\debug\miscassets.obj
c:\users\dwads\documents\github\rock-paper-scissors\losergameforlosers\x64\debug\combatinputcommands.obj
c:\users\dwads\documents\github\rock-paper-scissors\losergameforlosers\x64\debug\combatnavigation.obj
c:\users\dwads\documents\github\rock-paper-scissors\losergameforlosers\x64\debug\combatpresets.obj
c:\users\dwads\documents\github\rock-paper-scissors\losergameforlosers\x64\debug\commonnavigation.obj
c:\users\dwads\documents\github\rock-paper-scissors\losergameforlosers\x64\debug\drawcall.obj
c:\users\dwads\documents\github\rock-paper-scissors\losergameforlosers\x64\debug\fadecomponent.obj
c:\users\dwads\documents\github\rock-paper-scissors\losergameforlosers\x64\debug\gamestate.obj
c:\users\dwads\documents\github\rock-paper-scissors\losergameforlosers\x64\debug\loadatlasdata.obj
c:\users\dwads\documents\github\rock-paper-scissors\losergameforlosers\x64\debug\background.obj
c:\users\dwads\documents\github\rock-paper-scissors\losergameforlosers\x64\debug\overlaycomponent.obj
c:\users\dwads\documents\github\rock-paper-scissors\losergameforlosers\x64\debug\texture.obj
c:\users\dwads\documents\github\rock-paper-scissors\losergameforlosers\x64\debug\loadaudiodata.obj
c:\users\dwads\documents\github\rock-paper-scissors\losergameforlosers\x64\debug\loadcharacterdata.obj
c:\users\dwads\documents\github\rock-paper-scissors\losergameforlosers\x64\debug\collision.obj
c:\users\dwads\documents\github\rock-paper-scissors\losergameforlosers\x64\debug\texturemanager.nativecodeanalysis.xml
c:\users\dwads\documents\github\rock-paper-scissors\losergameforlosers\x64\debug\texturecomponent.nativecodeanalysis.xml
c:\users\dwads\documents\github\rock-paper-scissors\losergameforlosers\x64\debug\textureatlascomponent.nativecodeanalysis.xml
c:\users\dwads\documents\github\rock-paper-scissors\losergameforlosers\x64\debug\scriptcomponent.nativecodeanalysis.xml
c:\users\dwads\documents\github\rock-paper-scissors\losergameforlosers\x64\debug\pathway.nativecodeanalysis.xml
c:\users\dwads\documents\github\rock-paper-scissors\losergameforlosers\x64\debug\optionscomponent.nativecodeanalysis.xml
c:\users\dwads\documents\github\rock-paper-scissors\losergameforlosers\x64\debug\options.nativecodeanalysis.xml
c:\users\dwads\documents\github\rock-paper-scissors\losergameforlosers\x64\debug\menupresets.nativecodeanalysis.xml
c:\users\dwads\documents\github\rock-paper-scissors\losergameforlosers\x64\debug\audionavigation.nativecodeanalysis.xml
c:\users\dwads\documents\github\rock-paper-scissors\losergameforlosers\x64\debug\loadoptionsdata.nativecodeanalysis.xml
c:\users\dwads\documents\github\rock-paper-scissors\losergameforlosers\x64\debug\menu.nativecodeanalysis.xml
c:\users\dwads\documents\github\rock-paper-scissors\losergameforlosers\x64\debug\main.nativecodeanalysis.xml
c:\users\dwads\documents\github\rock-paper-scissors\losergameforlosers\x64\debug\links.nativecodeanalysis.xml
c:\users\dwads\documents\github\rock-paper-scissors\losergameforlosers\x64\debug\commonlinkcommands.nativecodeanalysis.xml
c:\users\dwads\documents\github\rock-paper-scissors\losergameforlosers\x64\debug\bitmapfont.nativecodeanalysis.xml
c:\users\dwads\documents\github\rock-paper-scissors\losergameforlosers\x64\debug\game.nativecodeanalysis.xml
c:\users\dwads\documents\github\rock-paper-scissors\losergameforlosers\x64\debug\ecs.nativecodeanalysis.xml
c:\users\dwads\documents\github\rock-paper-scissors\losergameforlosers\x64\debug\loadcontrollerdata.nativecodeanalysis.xml
c:\users\dwads\documents\github\rock-paper-scissors\losergameforlosers\x64\debug\commoninputcommands.nativecodeanalysis.xml
c:\users\dwads\documents\github\rock-paper-scissors\losergameforlosers\x64\debug\combat.nativecodeanalysis.xml
c:\users\dwads\documents\github\rock-paper-scissors\losergameforlosers\x64\debug\combat.obj
c:\users\dwads\documents\github\rock-paper-scissors\losergameforlosers\x64\debug\commoninputcommands.obj
c:\users\dwads\documents\github\rock-paper-scissors\losergameforlosers\x64\debug\loadcontrollerdata.obj
c:\users\dwads\documents\github\rock-paper-scissors\losergameforlosers\x64\debug\ecs.obj
c:\users\dwads\documents\github\rock-paper-scissors\losergameforlosers\x64\debug\game.obj
c:\users\dwads\documents\github\rock-paper-scissors\losergameforlosers\x64\debug\bitmapfont.obj
c:\users\dwads\documents\github\rock-paper-scissors\losergameforlosers\x64\debug\commonlinkcommands.obj
c:\users\dwads\documents\github\rock-paper-scissors\losergameforlosers\x64\debug\links.obj
c:\users\dwads\documents\github\rock-paper-scissors\losergameforlosers\x64\debug\main.obj
c:\users\dwads\documents\github\rock-paper-scissors\losergameforlosers\x64\debug\menu.obj
c:\users\dwads\documents\github\rock-paper-scissors\losergameforlosers\x64\debug\loadoptionsdata.obj
c:\users\dwads\documents\github\rock-paper-scissors\losergameforlosers\x64\debug\audionavigation.obj
c:\users\dwads\documents\github\rock-paper-scissors\losergameforlosers\x64\debug\menupresets.obj
c:\users\dwads\documents\github\rock-paper-scissors\losergameforlosers\x64\debug\options.obj
c:\users\dwads\documents\github\rock-paper-scissors\losergameforlosers\x64\debug\optionscomponent.obj
c:\users\dwads\documents\github\rock-paper-scissors\losergameforlosers\x64\debug\pathway.obj
c:\users\dwads\documents\github\rock-paper-scissors\losergameforlosers\x64\debug\scriptcomponent.obj
c:\users\dwads\documents\github\rock-paper-scissors\losergameforlosers\x64\debug\textureatlascomponent.obj
c:\users\dwads\documents\github\rock-paper-scissors\losergameforlosers\x64\debug\texturecomponent.obj
c:\users\dwads\documents\github\rock-paper-scissors\losergameforlosers\x64\debug\texturemanager.obj
c:\users\dwads\documents\github\rock-paper-scissors\losergameforlosers\x64\debug\vector2d.nativecodeanalysis.xml
c:\users\dwads\documents\github\rock-paper-scissors\losergameforlosers\x64\debug\transformationnavigation.nativecodeanalysis.xml
c:\users\dwads\documents\github\rock-paper-scissors\losergameforlosers\x64\debug\timer.nativecodeanalysis.xml
c:\users\dwads\documents\github\rock-paper-scissors\losergameforlosers\x64\debug\timer.obj
c:\users\dwads\documents\github\rock-paper-scissors\losergameforlosers\x64\debug\transformationnavigation.obj
c:\users\dwads\documents\github\rock-paper-scissors\losergameforlosers\x64\debug\vector2d.obj
c:\users\dwads\documents\github\rock-paper-scissors\x64\debug\whipjumpkickgrab.ilk
c:\users\dwads\documents\github\rock-paper-scissors\x64\debug\whipjumpkickgrab.exe
c:\users\dwads\documents\github\rock-paper-scissors\x64\debug\whipjumpkickgrab.pdb
c:\users\dwads\documents\github\rock-paper-scissors\losergameforlosers\x64\debug\nativecodeanalysis.read.1.tlog
c:\users\dwads\documents\github\rock-paper-scissors\losergameforlosers\x64\debug\vc.nativecodeanalysis.all.xml
c:\users\dwads\documents\github\rock-paper-scissors\x64\debug\whipjumpkickgrab.exe.lastcodeanalysissucceeded
c:\users\dwads\documents\github\rock-paper-scissors\losergameforlosers\x64\debug\whipjumpkickgrab.tlog\cl.command.1.tlog
c:\users\dwads\documents\github\rock-paper-scissors\losergameforlosers\x64\debug\whipjumpkickgrab.tlog\cl.read.1.tlog
c:\users\dwads\documents\github\rock-paper-scissors\losergameforlosers\x64\debug\whipjumpkickgrab.tlog\cl.write.1.tlog
c:\users\dwads\documents\github\rock-paper-scissors\losergameforlosers\x64\debug\whipjumpkickgrab.tlog\link.command.1.tlog
c:\users\dwads\documents\github\rock-paper-scissors\losergameforlosers\x64\debug\whipjumpkickgrab.tlog\link.read.1.tlog
c:\users\dwads\documents\github\rock-paper-scissors\losergameforlosers\x64\debug\whipjumpkickgrab.tlog\link.write.1.tlog
